[GIN-debug] [WARNING] Creating an Engine instance with the Logger and Recovery middleware already attached.

[GIN-debug] [WARNING] Running in "debug" mode. Switch to "release" mode in production.
 - using env:	export GIN_MODE=release
 - using code:	gin.SetMode(gin.ReleaseMode)

[GIN-debug] GET    /v1/todo                  --> todo-app/controllers.GetTodos (3 handlers)
[GIN-debug] POST   /v1/todo                  --> todo-app/controllers.CreateATodo (3 handlers)
[GIN-debug] GET    /v1/todo/:id              --> todo-app/controllers.GetATodo (3 handlers)
[GIN-debug] PUT    /v1/todo/:id              --> todo-app/controllers.UpdateATodo (3 handlers)
[GIN-debug] DELETE /v1/todo/:id              --> todo-app/controllers.DeleteATodo (3 handlers)
[GIN-debug] Environment variable PORT is undefined. Using port :8080 by default
[GIN-debug] Listening and serving HTTP on :8080
[GIN] 2022/01/12 - 16:45:12 | 404 |         584ns |             ::1 | GET      "/todo"
[GIN] 2022/01/12 - 16:46:02 | 200 |   13.437004ms |             ::1 | GET      "/v1/todo"
[GIN] 2022/01/12 - 16:47:08 | 200 |   11.083913ms |             ::1 | POST     "/v1/todo"
[GIN] 2022/01/12 - 16:47:24 | 200 |     455.429µs |             ::1 | GET      "/v1/todo"
[GIN] 2022/01/12 - 16:47:53 | 200 |    1.748109ms |             ::1 | GET      "/v1/todo/4"
[GIN] 2022/01/12 - 16:48:33 | 200 |    7.534663ms |             ::1 | PUT      "/v1/todo/4"
[GIN] 2022/01/12 - 16:48:50 | 200 |     372.541µs |             ::1 | GET      "/v1/todo"
[GIN] 2022/01/12 - 16:49:12 | 200 |    2.630037ms |             ::1 | DELETE   "/v1/todo/4"
[GIN] 2022/01/12 - 16:49:19 | 200 |     403.462µs |             ::1 | GET      "/v1/todo"
